INFO: 2025/10/01 22:53:19 cmd.go:91: gjk
INFO: 2025/10/01 22:53:19 cmd.go:248: Выполнение команды: gjk
ERROR: 2025/10/01 22:53:19 cmd.go:104: Неизвестная команда: gjk
INFO: 2025/10/01 22:53:26 cmd.go:91: help
INFO: 2025/10/01 22:53:26 cmd.go:248: Выполнение команды: help
INFO: 2025/10/01 22:53:26 cmd.go:218: Пользователь запросил справку
INFO: 2025/10/01 22:53:30 cmd.go:91: list
INFO: 2025/10/01 22:53:30 cmd.go:248: Выполнение команды: list
INFO: 2025/10/01 22:53:30 cmd.go:269: Запрос списка событий
INFO: 2025/10/01 22:53:43 cmd.go:91: log
INFO: 2025/10/01 22:53:43 cmd.go:248: Выполнение команды: log
INFO: 2025/10/01 22:53:43 cmd.go:256: Чтение лога пользователем
INFO: 2025/10/01 22:53:55 cmd.go:91: exit
INFO: 2025/10/01 22:53:55 cmd.go:248: Выполнение команды: exit
INFO: 2025/10/01 22:53:55 cmd.go:232: Приложение завершило работу
INFO: 2025/10/01 22:55:43 cmd.go:91: remove ""
INFO: 2025/10/01 22:55:43 cmd.go:248: Выполнение команды: remove
ERROR: 2025/10/01 22:55:43 cmd.go:104: Ошибка удаления: cобытие не найдено 
INFO: 2025/10/01 22:55:54 cmd.go:91: exit
INFO: 2025/10/01 22:55:54 cmd.go:248: Выполнение команды: exit
INFO: 2025/10/01 22:55:54 cmd.go:232: Приложение завершило работу
INFO: 2025/10/01 23:10:23 cmd.go:91: help
INFO: 2025/10/01 23:10:23 cmd.go:249: Выполнение команды: help
INFO: 2025/10/01 23:10:23 cmd.go:218: Пользователь запросил справку
INFO: 2025/10/01 23:11:36 cmd.go:91: list
INFO: 2025/10/01 23:11:36 cmd.go:249: Выполнение команды: list
INFO: 2025/10/01 23:11:36 cmd.go:270: Запрос списка событий
INFO: 2025/10/01 23:14:38 cmd.go:91: update 83dbda87-8de1-4b35-b25b-2e2011ba1057 "title2" "2026-04-5 12:12"
INFO: 2025/10/01 23:14:38 cmd.go:249: Выполнение команды: update
ERROR: 2025/10/01 23:14:38 cmd.go:104: Неверное количество аргументов. Формат: update "id" "название" "дата" "приоритет"
INFO: 2025/10/01 23:14:57 cmd.go:91: update 83dbda87-8de1-4b35-b25b-2e2011ba1057 "title2" "2026-04-5 12:12" "hight"
INFO: 2025/10/01 23:14:57 cmd.go:249: Выполнение команды: update
ERROR: 2025/10/01 23:14:57 cmd.go:104: Ошибка обновления: ошибка при обновлении события неверный приоритет
INFO: 2025/10/01 23:15:08 cmd.go:91: update 83dbda87-8de1-4b35-b25b-2e2011ba1057 "title2" "2026-04-5 12:12" "high"
INFO: 2025/10/01 23:15:08 cmd.go:249: Выполнение команды: update
INFO: 2025/10/01 23:15:08 cmd.go:109: Событие с ID 83dbda87-8de1-4b35-b25b-2e2011ba1057 обновлено
INFO: 2025/10/01 23:15:17 cmd.go:91: list
INFO: 2025/10/01 23:15:17 cmd.go:249: Выполнение команды: list
INFO: 2025/10/01 23:15:17 cmd.go:270: Запрос списка событий
INFO: 2025/10/01 23:16:35 cmd.go:91: add "test" "2024-02-02" "low"
INFO: 2025/10/01 23:16:35 cmd.go:249: Выполнение команды: add
INFO: 2025/10/01 23:16:35 cmd.go:109: Событие 'test' добавлено
INFO: 2025/10/01 23:16:41 cmd.go:91: list
INFO: 2025/10/01 23:16:41 cmd.go:249: Выполнение команды: list
INFO: 2025/10/01 23:16:41 cmd.go:270: Запрос списка событий
INFO: 2025/10/01 23:19:29 cmd.go:91: exit
INFO: 2025/10/01 23:19:29 cmd.go:249: Выполнение команды: exit
INFO: 2025/10/01 23:19:29 cmd.go:233: Приложение завершило работу
INFO: 2025/10/01 23:21:54 cmd.go:91: list
INFO: 2025/10/01 23:21:54 cmd.go:249: Выполнение команды: list
INFO: 2025/10/01 23:21:54 cmd.go:270: Запрос списка событий
INFO: 2025/10/01 23:23:07 cmd.go:91: exit
INFO: 2025/10/01 23:23:07 cmd.go:249: Выполнение команды: exit
INFO: 2025/10/01 23:23:07 cmd.go:233: Приложение завершило работу
